# JRE version: OpenJDK Runtime Environment (8.0_152) (build 1.8.0_152-release-1343-b16-5323222)
# Java VM: OpenJDK 64-Bit Server VM (25.152-b16-5323222 mixed mode linux-amd64 compressed oops)
Heap:
 PSYoungGen      total 244224K, used 62460K [0x00000000e0000000, 0x00000000f2b80000, 0x0000000100000000)
  eden space 181760K, 0% used [0x00000000e0000000,0x00000000e0000000,0x00000000eb180000)
  from space 62464K, 99% used [0x00000000eb180000,0x00000000eee7f0d0,0x00000000eee80000)
  to   space 59904K, 0% used [0x00000000ef100000,0x00000000ef100000,0x00000000f2b80000)
 ParOldGen       total 320512K, used 232326K [0x00000000a0000000, 0x00000000b3900000, 0x00000000e0000000)
  object space 320512K, 72% used [0x00000000a0000000,0x00000000ae2e1860,0x00000000b3900000)
 Metaspace       used 84024K, capacity 87304K, committed 87448K, reserved 1124352K
  class space    used 11035K, capacity 11673K, committed 11680K, reserved 1048576K
GC Heap History (10 events):
Event: 62.256 GC heap after
Heap after GC invocations=35 (full 5):
 PSYoungGen      total 225280K, used 1920K [0x00000000e0000000, 0x00000000f2600000, 0x0000000100000000)
  eden space 154624K, 0% used [0x00000000e0000000,0x00000000e0000000,0x00000000e9700000)
  from space 70656K, 2% used [0x00000000ee100000,0x00000000ee2e0000,0x00000000f2600000)
  to   space 73216K, 0% used [0x00000000e9700000,0x00000000e9700000,0x00000000ede80000)
 ParOldGen       total 320512K, used 205479K [0x00000000a0000000, 0x00000000b3900000, 0x00000000e0000000)
  object space 320512K, 64% used [0x00000000a0000000,0x00000000ac8a9cf8,0x00000000b3900000)
 Metaspace       used 68135K, capacity 70572K, committed 70808K, reserved 1110016K
  class space    used 9115K, capacity 9613K, committed 9632K, reserved 1048576K
}
Event: 69.117 GC heap before
{Heap before GC invocations=36 (full 5):
 PSYoungGen      total 225280K, used 155589K [0x00000000e0000000, 0x00000000f2600000, 0x0000000100000000)
  eden space 154624K, 99% used [0x00000000e0000000,0x00000000e9611720,0x00000000e9700000)
  from space 70656K, 2% used [0x00000000ee100000,0x00000000ee2e0000,0x00000000f2600000)
  to   space 73216K, 0% used [0x00000000e9700000,0x00000000e9700000,0x00000000ede80000)
 ParOldGen       total 320512K, used 205479K [0x00000000a0000000, 0x00000000b3900000, 0x00000000e0000000)
  object space 320512K, 64% used [0x00000000a0000000,0x00000000ac8a9cf8,0x00000000b3900000)
 Metaspace       used 69867K, capacity 72506K, committed 72600K, reserved 1112064K
  class space    used 9346K, capacity 9870K, committed 9888K, reserved 1048576K
Event: 69.148 GC heap after
Heap after GC invocations=36 (full 5):
 PSYoungGen      total 227840K, used 26583K [0x00000000e0000000, 0x00000000f3080000, 0x0000000100000000)
  eden space 154624K, 0% used [0x00000000e0000000,0x00000000e0000000,0x00000000e9700000)
  from space 73216K, 36% used [0x00000000e9700000,0x00000000eb0f5d00,0x00000000ede80000)
  to   space 68608K, 0% used [0x00000000eed80000,0x00000000eed80000,0x00000000f3080000)
 ParOldGen       total 320512K, used 207235K [0x00000000a0000000, 0x00000000b3900000, 0x00000000e0000000)
  object space 320512K, 64% used [0x00000000a0000000,0x00000000aca60d28,0x00000000b3900000)
 Metaspace       used 69867K, capacity 72506K, committed 72600K, reserved 1112064K
  class space    used 9346K, capacity 9870K, committed 9888K, reserved 1048576K
}
Event: 279.139 GC heap before
{Heap before GC invocations=37 (full 5):
 PSYoungGen      total 227840K, used 181207K [0x00000000e0000000, 0x00000000f3080000, 0x0000000100000000)
  eden space 154624K, 100% used [0x00000000e0000000,0x00000000e9700000,0x00000000e9700000)
  from space 73216K, 36% used [0x00000000e9700000,0x00000000eb0f5d00,0x00000000ede80000)
  to   space 68608K, 0% used [0x00000000eed80000,0x00000000eed80000,0x00000000f3080000)
 ParOldGen       total 320512K, used 207235K [0x00000000a0000000, 0x00000000b3900000, 0x00000000e0000000)
  object space 320512K, 64% used [0x00000000a0000000,0x00000000aca60d28,0x00000000b3900000)
 Metaspace       used 75048K, capacity 78014K, committed 78104K, reserved 1116160K
  class space    used 9897K, capacity 10498K, committed 10528K, reserved 1048576K
Event: 279.162 GC heap after
Heap after GC invocations=37 (full 5):
 PSYoungGen      total 232960K, used 11193K [0x00000000e0000000, 0x00000000f2a00000, 0x0000000100000000)
  eden space 171008K, 0% used [0x00000000e0000000,0x00000000e0000000,0x00000000ea700000)
  from space 61952K, 18% used [0x00000000eed80000,0x00000000ef86e7d0,0x00000000f2a00000)
  to   space 67072K, 0% used [0x00000000ea700000,0x00000000ea700000,0x00000000ee880000)
 ParOldGen       total 320512K, used 207243K [0x00000000a0000000, 0x00000000b3900000, 0x00000000e0000000)
  object space 320512K, 64% used [0x00000000a0000000,0x00000000aca62d28,0x00000000b3900000)
 Metaspace       used 75048K, capacity 78014K, committed 78104K, reserved 1116160K
  class space    used 9897K, capacity 10498K, committed 10528K, reserved 1048576K
}
Event: 303.838 GC heap before
{Heap before GC invocations=38 (full 5):
 PSYoungGen      total 232960K, used 182201K [0x00000000e0000000, 0x00000000f2a00000, 0x0000000100000000)
  eden space 171008K, 100% used [0x00000000e0000000,0x00000000ea700000,0x00000000ea700000)
  from space 61952K, 18% used [0x00000000eed80000,0x00000000ef86e7d0,0x00000000f2a00000)
  to   space 67072K, 0% used [0x00000000ea700000,0x00000000ea700000,0x00000000ee880000)
 ParOldGen       total 320512K, used 207243K [0x00000000a0000000, 0x00000000b3900000, 0x00000000e0000000)
  object space 320512K, 64% used [0x00000000a0000000,0x00000000aca62d28,0x00000000b3900000)
 Metaspace       used 76650K, capacity 79656K, committed 79896K, reserved 1118208K
  class space    used 10113K, capacity 10701K, committed 10784K, reserved 1048576K
Event: 303.897 GC heap after
Heap after GC invocations=38 (full 5):
 PSYoungGen      total 238080K, used 21815K [0x00000000e0000000, 0x00000000f2e80000, 0x0000000100000000)
  eden space 171008K, 0% used [0x00000000e0000000,0x00000000e0000000,0x00000000ea700000)
  from space 67072K, 32% used [0x00000000ea700000,0x00000000ebc4dd30,0x00000000ee880000)
  to   space 62976K, 0% used [0x00000000ef100000,0x00000000ef100000,0x00000000f2e80000)
 ParOldGen       total 320512K, used 207251K [0x00000000a0000000, 0x00000000b3900000, 0x00000000e0000000)
  object space 320512K, 64% used [0x00000000a0000000,0x00000000aca64d28,0x00000000b3900000)
 Metaspace       used 76650K, capacity 79656K, committed 79896K, reserved 1118208K
  class space    used 10113K, capacity 10701K, committed 10784K, reserved 1048576K
}
Event: 316.391 GC heap before
{Heap before GC invocations=39 (full 5):
 PSYoungGen      total 238080K, used 192823K [0x00000000e0000000, 0x00000000f2e80000, 0x0000000100000000)
  eden space 171008K, 100% used [0x00000000e0000000,0x00000000ea700000,0x00000000ea700000)
  from space 67072K, 32% used [0x00000000ea700000,0x00000000ebc4dd30,0x00000000ee880000)
  to   space 62976K, 0% used [0x00000000ef100000,0x00000000ef100000,0x00000000f2e80000)
 ParOldGen       total 320512K, used 207251K [0x00000000a0000000, 0x00000000b3900000, 0x00000000e0000000)
  object space 320512K, 64% used [0x00000000a0000000,0x00000000aca64d28,0x00000000b3900000)
 Metaspace       used 84018K, capacity 87304K, committed 87448K, reserved 1124352K
  class space    used 11035K, capacity 11673K, committed 11680K, reserved 1048576K
Event: 316.524 GC heap after
Heap after GC invocations=39 (full 5):
 PSYoungGen      total 241664K, used 33514K [0x00000000e0000000, 0x00000000f2b80000, 0x0000000100000000)
  eden space 181760K, 0% used [0x00000000e0000000,0x00000000e0000000,0x00000000eb180000)
  from space 59904K, 55% used [0x00000000ef100000,0x00000000f11ba870,0x00000000f2b80000)
  to   space 62464K, 0% used [0x00000000eb180000,0x00000000eb180000,0x00000000eee80000)
 ParOldGen       total 320512K, used 207259K [0x00000000a0000000, 0x00000000b3900000, 0x00000000e0000000)
  object space 320512K, 64% used [0x00000000a0000000,0x00000000aca66d28,0x00000000b3900000)
 Metaspace       used 84018K, capacity 87304K, committed 87448K, reserved 1124352K
  class space    used 11035K, capacity 11673K, committed 11680K, reserved 1048576K
}
Event: 319.093 GC heap before
{Heap before GC invocations=40 (full 5):
 PSYoungGen      total 241664K, used 215274K [0x00000000e0000000, 0x00000000f2b80000, 0x0000000100000000)
  eden space 181760K, 100% used [0x00000000e0000000,0x00000000eb180000,0x00000000eb180000)
  from space 59904K, 55% used [0x00000000ef100000,0x00000000f11ba870,0x00000000f2b80000)
  to   space 62464K, 0% used [0x00000000eb180000,0x00000000eb180000,0x00000000eee80000)
 ParOldGen       total 320512K, used 207259K [0x00000000a0000000, 0x00000000b3900000, 0x00000000e0000000)
  object space 320512K, 64% used [0x00000000a0000000,0x00000000aca66d28,0x00000000b3900000)
 Metaspace       used 84024K, capacity 87304K, committed 87448K, reserved 1124352K
  class space    used 11035K, capacity 11673K, committed 11680K, reserved 1048576K

