# JRE version: OpenJDK Runtime Environment (8.0_152) (build 1.8.0_152-release-1343-b16-5323222)
# Java VM: OpenJDK 64-Bit Server VM (25.152-b16-5323222 mixed mode linux-amd64 compressed oops)
Heap:
 PSYoungGen      total 364032K, used 0K [0x00000000e0000000, 0x00000000fca80000, 0x0000000100000000)
  eden space 267776K, 0% used [0x00000000e0000000,0x00000000e0000000,0x00000000f0580000)
  from space 96256K, 0% used [0x00000000f6c80000,0x00000000f6c80000,0x00000000fca80000)
  to   space 100864K, 0% used [0x00000000f0580000,0x00000000f0580000,0x00000000f6800000)
 ParOldGen       total 270848K, used 229011K [0x00000000a0000000, 0x00000000b0880000, 0x00000000e0000000)
  object space 270848K, 84% used [0x00000000a0000000,0x00000000adfa4d48,0x00000000b0880000)
 Metaspace       used 79578K, capacity 82546K, committed 82816K, reserved 1122304K
  class space    used 10202K, capacity 10858K, committed 10880K, reserved 1048576K
GC Heap History (10 events):
Event: 76.989 GC heap after
Heap after GC invocations=35 (full 4):
 PSYoungGen      total 233472K, used 40421K [0x00000000e0000000, 0x00000000f5b00000, 0x0000000100000000)
  eden space 193024K, 0% used [0x00000000e0000000,0x00000000e0000000,0x00000000ebc80000)
  from space 40448K, 99% used [0x00000000ebc80000,0x00000000ee3f9660,0x00000000ee400000)
  to   space 58880K, 0% used [0x00000000f2180000,0x00000000f2180000,0x00000000f5b00000)
 ParOldGen       total 168448K, used 143998K [0x00000000a0000000, 0x00000000aa480000, 0x00000000e0000000)
  object space 168448K, 85% used [0x00000000a0000000,0x00000000a8c9faf8,0x00000000aa480000)
 Metaspace       used 78781K, capacity 81568K, committed 81664K, reserved 1120256K
  class space    used 10118K, capacity 10739K, committed 10752K, reserved 1048576K
}
Event: 76.989 GC heap before
{Heap before GC invocations=36 (full 5):
 PSYoungGen      total 233472K, used 40421K [0x00000000e0000000, 0x00000000f5b00000, 0x0000000100000000)
  eden space 193024K, 0% used [0x00000000e0000000,0x00000000e0000000,0x00000000ebc80000)
  from space 40448K, 99% used [0x00000000ebc80000,0x00000000ee3f9660,0x00000000ee400000)
  to   space 58880K, 0% used [0x00000000f2180000,0x00000000f2180000,0x00000000f5b00000)
 ParOldGen       total 168448K, used 143998K [0x00000000a0000000, 0x00000000aa480000, 0x00000000e0000000)
  object space 168448K, 85% used [0x00000000a0000000,0x00000000a8c9faf8,0x00000000aa480000)
 Metaspace       used 78781K, capacity 81568K, committed 81664K, reserved 1120256K
  class space    used 10118K, capacity 10739K, committed 10752K, reserved 1048576K
Event: 77.426 GC heap after
Heap after GC invocations=36 (full 5):
 PSYoungGen      total 233472K, used 0K [0x00000000e0000000, 0x00000000f5b00000, 0x0000000100000000)
  eden space 193024K, 0% used [0x00000000e0000000,0x00000000e0000000,0x00000000ebc80000)
  from space 40448K, 0% used [0x00000000ebc80000,0x00000000ebc80000,0x00000000ee400000)
  to   space 58880K, 0% used [0x00000000f2180000,0x00000000f2180000,0x00000000f5b00000)
 ParOldGen       total 243712K, used 139036K [0x00000000a0000000, 0x00000000aee00000, 0x00000000e0000000)
  object space 243712K, 57% used [0x00000000a0000000,0x00000000a87c71a8,0x00000000aee00000)
 Metaspace       used 78729K, capacity 81422K, committed 81664K, reserved 1120256K
  class space    used 10099K, capacity 10708K, committed 10752K, reserved 1048576K
}
Event: 78.176 GC heap before
{Heap before GC invocations=37 (full 5):
 PSYoungGen      total 233472K, used 193024K [0x00000000e0000000, 0x00000000f5b00000, 0x0000000100000000)
  eden space 193024K, 100% used [0x00000000e0000000,0x00000000ebc80000,0x00000000ebc80000)
  from space 40448K, 0% used [0x00000000ebc80000,0x00000000ebc80000,0x00000000ee400000)
  to   space 58880K, 0% used [0x00000000f2180000,0x00000000f2180000,0x00000000f5b00000)
 ParOldGen       total 243712K, used 139036K [0x00000000a0000000, 0x00000000aee00000, 0x00000000e0000000)
  object space 243712K, 57% used [0x00000000a0000000,0x00000000a87c71a8,0x00000000aee00000)
 Metaspace       used 78762K, capacity 81510K, committed 81664K, reserved 1120256K
  class space    used 10101K, capacity 10710K, committed 10752K, reserved 1048576K
Event: 78.296 GC heap after
Heap after GC invocations=37 (full 5):
 PSYoungGen      total 281600K, used 58863K [0x00000000e0000000, 0x00000000f7680000, 0x0000000100000000)
  eden space 222720K, 0% used [0x00000000e0000000,0x00000000e0000000,0x00000000ed980000)
  from space 58880K, 99% used [0x00000000f2180000,0x00000000f5afbec8,0x00000000f5b00000)
  to   space 73728K, 0% used [0x00000000ed980000,0x00000000ed980000,0x00000000f2180000)
 ParOldGen       total 243712K, used 151327K [0x00000000a0000000, 0x00000000aee00000, 0x00000000e0000000)
  object space 243712K, 62% used [0x00000000a0000000,0x00000000a93c7f78,0x00000000aee00000)
 Metaspace       used 78762K, capacity 81510K, committed 81664K, reserved 1120256K
  class space    used 10101K, capacity 10710K, committed 10752K, reserved 1048576K
}
Event: 79.142 GC heap before
{Heap before GC invocations=38 (full 5):
 PSYoungGen      total 281600K, used 281583K [0x00000000e0000000, 0x00000000f7680000, 0x0000000100000000)
  eden space 222720K, 100% used [0x00000000e0000000,0x00000000ed980000,0x00000000ed980000)
  from space 58880K, 99% used [0x00000000f2180000,0x00000000f5afbec8,0x00000000f5b00000)
  to   space 73728K, 0% used [0x00000000ed980000,0x00000000ed980000,0x00000000f2180000)
 ParOldGen       total 243712K, used 151327K [0x00000000a0000000, 0x00000000aee00000, 0x00000000e0000000)
  object space 243712K, 62% used [0x00000000a0000000,0x00000000a93c7f78,0x00000000aee00000)
 Metaspace       used 78824K, capacity 81542K, committed 81664K, reserved 1120256K
  class space    used 10109K, capacity 10716K, committed 10752K, reserved 1048576K
Event: 79.392 GC heap after
Heap after GC invocations=38 (full 5):
 PSYoungGen      total 296448K, used 73724K [0x00000000e0000000, 0x00000000fd280000, 0x0000000100000000)
  eden space 222720K, 0% used [0x00000000e0000000,0x00000000e0000000,0x00000000ed980000)
  from space 73728K, 99% used [0x00000000ed980000,0x00000000f217f250,0x00000000f2180000)
  to   space 104448K, 0% used [0x00000000f6c80000,0x00000000f6c80000,0x00000000fd280000)
 ParOldGen       total 243712K, used 198209K [0x00000000a0000000, 0x00000000aee00000, 0x00000000e0000000)
  object space 243712K, 81% used [0x00000000a0000000,0x00000000ac1904d0,0x00000000aee00000)
 Metaspace       used 78824K, capacity 81542K, committed 81664K, reserved 1120256K
  class space    used 10109K, capacity 10716K, committed 10752K, reserved 1048576K
}
Event: 83.356 GC heap before
{Heap before GC invocations=39 (full 5):
 PSYoungGen      total 296448K, used 296444K [0x00000000e0000000, 0x00000000fd280000, 0x0000000100000000)
  eden space 222720K, 100% used [0x00000000e0000000,0x00000000ed980000,0x00000000ed980000)
  from space 73728K, 99% used [0x00000000ed980000,0x00000000f217f250,0x00000000f2180000)
  to   space 104448K, 0% used [0x00000000f6c80000,0x00000000f6c80000,0x00000000fd280000)
 ParOldGen       total 243712K, used 198209K [0x00000000a0000000, 0x00000000aee00000, 0x00000000e0000000)
  object space 243712K, 81% used [0x00000000a0000000,0x00000000ac1904d0,0x00000000aee00000)
 Metaspace       used 79580K, capacity 82552K, committed 82816K, reserved 1122304K
  class space    used 10202K, capacity 10859K, committed 10880K, reserved 1048576K
Event: 83.631 GC heap after
Heap after GC invocations=39 (full 5):
 PSYoungGen      total 364032K, used 44722K [0x00000000e0000000, 0x00000000fca80000, 0x0000000100000000)
  eden space 267776K, 0% used [0x00000000e0000000,0x00000000e0000000,0x00000000f0580000)
  from space 96256K, 46% used [0x00000000f6c80000,0x00000000f982cbf0,0x00000000fca80000)
  to   space 100864K, 0% used [0x00000000f0580000,0x00000000f0580000,0x00000000f6800000)
 ParOldGen       total 270848K, used 270685K [0x00000000a0000000, 0x00000000b0880000, 0x00000000e0000000)
  object space 270848K, 99% used [0x00000000a0000000,0x00000000b0857568,0x00000000b0880000)
 Metaspace       used 79580K, capacity 82552K, committed 82816K, reserved 1122304K
  class space    used 10202K, capacity 10859K, committed 10880K, reserved 1048576K
}
Event: 83.631 GC heap before
{Heap before GC invocations=40 (full 6):
 PSYoungGen      total 364032K, used 44722K [0x00000000e0000000, 0x00000000fca80000, 0x0000000100000000)
  eden space 267776K, 0% used [0x00000000e0000000,0x00000000e0000000,0x00000000f0580000)
  from space 96256K, 46% used [0x00000000f6c80000,0x00000000f982cbf0,0x00000000fca80000)
  to   space 100864K, 0% used [0x00000000f0580000,0x00000000f0580000,0x00000000f6800000)
 ParOldGen       total 270848K, used 270685K [0x00000000a0000000, 0x00000000b0880000, 0x00000000e0000000)
  object space 270848K, 99% used [0x00000000a0000000,0x00000000b0857568,0x00000000b0880000)
 Metaspace       used 79580K, capacity 82552K, committed 82816K, reserved 1122304K
  class space    used 10202K, capacity 10859K, committed 10880K, reserved 1048576K

