# JRE version: OpenJDK Runtime Environment (8.0_152) (build 1.8.0_152-release-1343-b16-5323222)
# Java VM: OpenJDK 64-Bit Server VM (25.152-b16-5323222 mixed mode linux-amd64 compressed oops)
Heap:
 PSYoungGen      total 386048K, used 33101K [0x00000000e0000000, 0x0000000100000000, 0x0000000100000000)
  eden space 306176K, 0% used [0x00000000e0000000,0x00000000e0000000,0x00000000f2b00000)
  from space 79872K, 41% used [0x00000000fb200000,0x00000000fd2535b0,0x0000000100000000)
  to   space 109056K, 0% used [0x00000000f2b00000,0x00000000f2b00000,0x00000000f9580000)
 ParOldGen       total 139776K, used 139688K [0x00000000a0000000, 0x00000000a8880000, 0x00000000e0000000)
  object space 139776K, 99% used [0x00000000a0000000,0x00000000a886a3d0,0x00000000a8880000)
 Metaspace       used 98607K, capacity 102096K, committed 102744K, reserved 1138688K
  class space    used 12310K, capacity 13015K, committed 13184K, reserved 1048576K
GC Heap History (10 events):
Event: 2187.620 GC heap after
Heap after GC invocations=18 (full 3):
 PSYoungGen      total 388608K, used 50665K [0x00000000e0000000, 0x00000000fca00000, 0x0000000100000000)
  eden space 337920K, 0% used [0x00000000e0000000,0x00000000e0000000,0x00000000f4a00000)
  from space 50688K, 99% used [0x00000000f5900000,0x00000000f8a7a478,0x00000000f8a80000)
  to   space 65024K, 0% used [0x00000000f8a80000,0x00000000f8a80000,0x00000000fca00000)
 ParOldGen       total 87040K, used 81169K [0x00000000a0000000, 0x00000000a5500000, 0x00000000e0000000)
  object space 87040K, 93% used [0x00000000a0000000,0x00000000a4f44508,0x00000000a5500000)
 Metaspace       used 82566K, capacity 85694K, committed 85848K, reserved 1124352K
  class space    used 10472K, capacity 11108K, committed 11136K, reserved 1048576K
}
Event: 2187.633 GC heap before
{Heap before GC invocations=19 (full 4):
 PSYoungGen      total 388608K, used 50665K [0x00000000e0000000, 0x00000000fca00000, 0x0000000100000000)
  eden space 337920K, 0% used [0x00000000e0000000,0x00000000e0000000,0x00000000f4a00000)
  from space 50688K, 99% used [0x00000000f5900000,0x00000000f8a7a478,0x00000000f8a80000)
  to   space 65024K, 0% used [0x00000000f8a80000,0x00000000f8a80000,0x00000000fca00000)
 ParOldGen       total 87040K, used 81169K [0x00000000a0000000, 0x00000000a5500000, 0x00000000e0000000)
  object space 87040K, 93% used [0x00000000a0000000,0x00000000a4f44508,0x00000000a5500000)
 Metaspace       used 82566K, capacity 85694K, committed 85848K, reserved 1124352K
  class space    used 10472K, capacity 11108K, committed 11136K, reserved 1048576K
Event: 2188.133 GC heap after
Heap after GC invocations=19 (full 4):
 PSYoungGen      total 388608K, used 0K [0x00000000e0000000, 0x00000000fca00000, 0x0000000100000000)
  eden space 337920K, 0% used [0x00000000e0000000,0x00000000e0000000,0x00000000f4a00000)
  from space 50688K, 0% used [0x00000000f5900000,0x00000000f5900000,0x00000000f8a80000)
  to   space 65024K, 0% used [0x00000000f8a80000,0x00000000f8a80000,0x00000000fca00000)
 ParOldGen       total 139776K, used 62672K [0x00000000a0000000, 0x00000000a8880000, 0x00000000e0000000)
  object space 139776K, 44% used [0x00000000a0000000,0x00000000a3d34260,0x00000000a8880000)
 Metaspace       used 82230K, capacity 85040K, committed 85848K, reserved 1124352K
  class space    used 10404K, capacity 10993K, committed 11136K, reserved 1048576K
}
Event: 2200.180 GC heap before
{Heap before GC invocations=20 (full 4):
 PSYoungGen      total 388608K, used 337920K [0x00000000e0000000, 0x00000000fca00000, 0x0000000100000000)
  eden space 337920K, 100% used [0x00000000e0000000,0x00000000f4a00000,0x00000000f4a00000)
  from space 50688K, 0% used [0x00000000f5900000,0x00000000f5900000,0x00000000f8a80000)
  to   space 65024K, 0% used [0x00000000f8a80000,0x00000000f8a80000,0x00000000fca00000)
 ParOldGen       total 139776K, used 62672K [0x00000000a0000000, 0x00000000a8880000, 0x00000000e0000000)
  object space 139776K, 44% used [0x00000000a0000000,0x00000000a3d34260,0x00000000a8880000)
 Metaspace       used 89019K, capacity 91924K, committed 92760K, reserved 1130496K
  class space    used 11116K, capacity 11703K, committed 11904K, reserved 1048576K
Event: 2200.222 GC heap after
Heap after GC invocations=20 (full 4):
 PSYoungGen      total 407040K, used 24720K [0x00000000e0000000, 0x00000000ffd00000, 0x0000000100000000)
  eden space 342016K, 0% used [0x00000000e0000000,0x00000000e0000000,0x00000000f4e00000)
  from space 65024K, 38% used [0x00000000f8a80000,0x00000000fa2a4170,0x00000000fca00000)
  to   space 61952K, 0% used [0x00000000f4e00000,0x00000000f4e00000,0x00000000f8a80000)
 ParOldGen       total 139776K, used 62688K [0x00000000a0000000, 0x00000000a8880000, 0x00000000e0000000)
  object space 139776K, 44% used [0x00000000a0000000,0x00000000a3d38260,0x00000000a8880000)
 Metaspace       used 89019K, capacity 91924K, committed 92760K, reserved 1130496K
  class space    used 11116K, capacity 11703K, committed 11904K, reserved 1048576K
}
Event: 2205.905 GC heap before
{Heap before GC invocations=21 (full 4):
 PSYoungGen      total 407040K, used 366736K [0x00000000e0000000, 0x00000000ffd00000, 0x0000000100000000)
  eden space 342016K, 100% used [0x00000000e0000000,0x00000000f4e00000,0x00000000f4e00000)
  from space 65024K, 38% used [0x00000000f8a80000,0x00000000fa2a4170,0x00000000fca00000)
  to   space 61952K, 0% used [0x00000000f4e00000,0x00000000f4e00000,0x00000000f8a80000)
 ParOldGen       total 139776K, used 62688K [0x00000000a0000000, 0x00000000a8880000, 0x00000000e0000000)
  object space 139776K, 44% used [0x00000000a0000000,0x00000000a3d38260,0x00000000a8880000)
 Metaspace       used 98644K, capacity 102406K, committed 102744K, reserved 1138688K
  class space    used 12359K, capacity 13100K, committed 13184K, reserved 1048576K
Event: 2205.975 GC heap after
Heap after GC invocations=21 (full 4):
 PSYoungGen      total 403968K, used 61926K [0x00000000e0000000, 0x0000000100000000, 0x0000000100000000)
  eden space 342016K, 0% used [0x00000000e0000000,0x00000000e0000000,0x00000000f4e00000)
  from space 61952K, 99% used [0x00000000f4e00000,0x00000000f8a79b38,0x00000000f8a80000)
  to   space 79872K, 0% used [0x00000000fb200000,0x00000000fb200000,0x0000000100000000)
 ParOldGen       total 139776K, used 83314K [0x00000000a0000000, 0x00000000a8880000, 0x00000000e0000000)
  object space 139776K, 59% used [0x00000000a0000000,0x00000000a515c850,0x00000000a8880000)
 Metaspace       used 98644K, capacity 102406K, committed 102744K, reserved 1138688K
  class space    used 12359K, capacity 13100K, committed 13184K, reserved 1048576K
}
Event: 2207.060 GC heap before
{Heap before GC invocations=22 (full 4):
 PSYoungGen      total 403968K, used 403942K [0x00000000e0000000, 0x0000000100000000, 0x0000000100000000)
  eden space 342016K, 100% used [0x00000000e0000000,0x00000000f4e00000,0x00000000f4e00000)
  from space 61952K, 99% used [0x00000000f4e00000,0x00000000f8a79b38,0x00000000f8a80000)
  to   space 79872K, 0% used [0x00000000fb200000,0x00000000fb200000,0x0000000100000000)
 ParOldGen       total 139776K, used 83314K [0x00000000a0000000, 0x00000000a8880000, 0x00000000e0000000)
  object space 139776K, 59% used [0x00000000a0000000,0x00000000a515c850,0x00000000a8880000)
 Metaspace       used 98757K, capacity 102504K, committed 102744K, reserved 1138688K
  class space    used 12361K, capacity 13103K, committed 13184K, reserved 1048576K
Event: 2207.325 GC heap after
Heap after GC invocations=22 (full 4):
 PSYoungGen      total 386048K, used 79844K [0x00000000e0000000, 0x0000000100000000, 0x0000000100000000)
  eden space 306176K, 0% used [0x00000000e0000000,0x00000000e0000000,0x00000000f2b00000)
  from space 79872K, 99% used [0x00000000fb200000,0x00000000ffff92f0,0x0000000100000000)
  to   space 109056K, 0% used [0x00000000f2b00000,0x00000000f2b00000,0x00000000f9580000)
 ParOldGen       total 139776K, used 125772K [0x00000000a0000000, 0x00000000a8880000, 0x00000000e0000000)
  object space 139776K, 89% used [0x00000000a0000000,0x00000000a7ad3338,0x00000000a8880000)
 Metaspace       used 98757K, capacity 102504K, committed 102744K, reserved 1138688K
  class space    used 12361K, capacity 13103K, committed 13184K, reserved 1048576K
}
Event: 2207.456 GC heap before
{Heap before GC invocations=23 (full 5):
 PSYoungGen      total 386048K, used 79844K [0x00000000e0000000, 0x0000000100000000, 0x0000000100000000)
  eden space 306176K, 0% used [0x00000000e0000000,0x00000000e0000000,0x00000000f2b00000)
  from space 79872K, 99% used [0x00000000fb200000,0x00000000ffff92f0,0x0000000100000000)
  to   space 109056K, 0% used [0x00000000f2b00000,0x00000000f2b00000,0x00000000f9580000)
 ParOldGen       total 139776K, used 125772K [0x00000000a0000000, 0x00000000a8880000, 0x00000000e0000000)
  object space 139776K, 89% used [0x00000000a0000000,0x00000000a7ad3338,0x00000000a8880000)
 Metaspace       used 98757K, capacity 102504K, committed 102744K, reserved 1138688K
  class space    used 12361K, capacity 13103K, committed 13184K, reserved 1048576K

