# JRE version: OpenJDK Runtime Environment (8.0_152) (build 1.8.0_152-release-1343-b16-5323222)
# Java VM: OpenJDK 64-Bit Server VM (25.152-b16-5323222 mixed mode linux-amd64 compressed oops)
Heap:
 PSYoungGen      total 349184K, used 0K [0x00000000e0000000, 0x00000000ffd00000, 0x0000000100000000)
  eden space 231424K, 0% used [0x00000000e0000000,0x00000000e0000000,0x00000000ee200000)
  from space 117760K, 0% used [0x00000000ee200000,0x00000000ee200000,0x00000000f5500000)
  to   space 115712K, 0% used [0x00000000f8c00000,0x00000000f8c00000,0x00000000ffd00000)
 ParOldGen       total 244736K, used 226737K [0x00000000a0000000, 0x00000000aef00000, 0x00000000e0000000)
  object space 244736K, 92% used [0x00000000a0000000,0x00000000add6c7f8,0x00000000aef00000)
 Metaspace       used 82453K, capacity 85544K, committed 86360K, reserved 1124352K
  class space    used 10446K, capacity 11151K, committed 11352K, reserved 1048576K
GC Heap History (10 events):
Event: 2666.052 GC heap after
Heap after GC invocations=28 (full 5):
 PSYoungGen      total 259072K, used 19976K [0x00000000e0000000, 0x00000000f4a80000, 0x0000000100000000)
  eden space 198144K, 0% used [0x00000000e0000000,0x00000000e0000000,0x00000000ec180000)
  from space 60928K, 32% used [0x00000000ec180000,0x00000000ed5023e8,0x00000000efd00000)
  to   space 57856K, 0% used [0x00000000f1200000,0x00000000f1200000,0x00000000f4a80000)
 ParOldGen       total 211456K, used 93830K [0x00000000a0000000, 0x00000000ace80000, 0x00000000e0000000)
  object space 211456K, 44% used [0x00000000a0000000,0x00000000a5ba1990,0x00000000ace80000)
 Metaspace       used 81381K, capacity 84432K, committed 85208K, reserved 1124352K
  class space    used 10368K, capacity 11061K, committed 11224K, reserved 1048576K
}
Event: 2667.072 GC heap before
{Heap before GC invocations=29 (full 5):
 PSYoungGen      total 259072K, used 218120K [0x00000000e0000000, 0x00000000f4a80000, 0x0000000100000000)
  eden space 198144K, 100% used [0x00000000e0000000,0x00000000ec180000,0x00000000ec180000)
  from space 60928K, 32% used [0x00000000ec180000,0x00000000ed5023e8,0x00000000efd00000)
  to   space 57856K, 0% used [0x00000000f1200000,0x00000000f1200000,0x00000000f4a80000)
 ParOldGen       total 211456K, used 93830K [0x00000000a0000000, 0x00000000ace80000, 0x00000000e0000000)
  object space 211456K, 44% used [0x00000000a0000000,0x00000000a5ba1990,0x00000000ace80000)
 Metaspace       used 81940K, capacity 85064K, committed 85848K, reserved 1124352K
  class space    used 10435K, capacity 11147K, committed 11352K, reserved 1048576K
Event: 2667.284 GC heap after
Heap after GC invocations=29 (full 5):
 PSYoungGen      total 267264K, used 57852K [0x00000000e0000000, 0x00000000f8080000, 0x0000000100000000)
  eden space 209408K, 0% used [0x00000000e0000000,0x00000000e0000000,0x00000000ecc80000)
  from space 57856K, 99% used [0x00000000f1200000,0x00000000f4a7f2d0,0x00000000f4a80000)
  to   space 71168K, 0% used [0x00000000ecc80000,0x00000000ecc80000,0x00000000f1200000)
 ParOldGen       total 211456K, used 104679K [0x00000000a0000000, 0x00000000ace80000, 0x00000000e0000000)
  object space 211456K, 49% used [0x00000000a0000000,0x00000000a6639c30,0x00000000ace80000)
 Metaspace       used 81940K, capacity 85064K, committed 85848K, reserved 1124352K
  class space    used 10435K, capacity 11147K, committed 11352K, reserved 1048576K
}
Event: 2668.107 GC heap before
{Heap before GC invocations=30 (full 5):
 PSYoungGen      total 267264K, used 267260K [0x00000000e0000000, 0x00000000f8080000, 0x0000000100000000)
  eden space 209408K, 100% used [0x00000000e0000000,0x00000000ecc80000,0x00000000ecc80000)
  from space 57856K, 99% used [0x00000000f1200000,0x00000000f4a7f2d0,0x00000000f4a80000)
  to   space 71168K, 0% used [0x00000000ecc80000,0x00000000ecc80000,0x00000000f1200000)
 ParOldGen       total 211456K, used 104679K [0x00000000a0000000, 0x00000000ace80000, 0x00000000e0000000)
  object space 211456K, 49% used [0x00000000a0000000,0x00000000a6639c30,0x00000000ace80000)
 Metaspace       used 82046K, capacity 85164K, committed 85848K, reserved 1124352K
  class space    used 10437K, capacity 11151K, committed 11352K, reserved 1048576K
Event: 2668.195 GC heap after
Heap after GC invocations=30 (full 5):
 PSYoungGen      total 280576K, used 71137K [0x00000000e0000000, 0x00000000fb180000, 0x0000000100000000)
  eden space 209408K, 0% used [0x00000000e0000000,0x00000000e0000000,0x00000000ecc80000)
  from space 71168K, 99% used [0x00000000ecc80000,0x00000000f11f8720,0x00000000f1200000)
  to   space 94720K, 0% used [0x00000000f5500000,0x00000000f5500000,0x00000000fb180000)
 ParOldGen       total 211456K, used 135778K [0x00000000a0000000, 0x00000000ace80000, 0x00000000e0000000)
  object space 211456K, 64% used [0x00000000a0000000,0x00000000a8498ba0,0x00000000ace80000)
 Metaspace       used 82046K, capacity 85164K, committed 85848K, reserved 1124352K
  class space    used 10437K, capacity 11151K, committed 11352K, reserved 1048576K
}
Event: 2668.896 GC heap before
{Heap before GC invocations=31 (full 5):
 PSYoungGen      total 280576K, used 279836K [0x00000000e0000000, 0x00000000fb180000, 0x0000000100000000)
  eden space 209408K, 99% used [0x00000000e0000000,0x00000000ecbcecc8,0x00000000ecc80000)
  from space 71168K, 99% used [0x00000000ecc80000,0x00000000f11f8720,0x00000000f1200000)
  to   space 94720K, 0% used [0x00000000f5500000,0x00000000f5500000,0x00000000fb180000)
 ParOldGen       total 211456K, used 135778K [0x00000000a0000000, 0x00000000ace80000, 0x00000000e0000000)
  object space 211456K, 64% used [0x00000000a0000000,0x00000000a8498ba0,0x00000000ace80000)
 Metaspace       used 82070K, capacity 85236K, committed 86104K, reserved 1124352K
  class space    used 10440K, capacity 11153K, committed 11352K, reserved 1048576K
Event: 2669.385 GC heap after
Heap after GC invocations=31 (full 5):
 PSYoungGen      total 326144K, used 94708K [0x00000000e0000000, 0x00000000fe700000, 0x0000000100000000)
  eden space 231424K, 0% used [0x00000000e0000000,0x00000000e0000000,0x00000000ee200000)
  from space 94720K, 99% used [0x00000000f5500000,0x00000000fb17d330,0x00000000fb180000)
  to   space 117760K, 0% used [0x00000000ee200000,0x00000000ee200000,0x00000000f5500000)
 ParOldGen       total 211456K, used 154948K [0x00000000a0000000, 0x00000000ace80000, 0x00000000e0000000)
  object space 211456K, 73% used [0x00000000a0000000,0x00000000a9751218,0x00000000ace80000)
 Metaspace       used 82070K, capacity 85236K, committed 86104K, reserved 1124352K
  class space    used 10440K, capacity 11153K, committed 11352K, reserved 1048576K
}
Event: 2673.423 GC heap before
{Heap before GC invocations=32 (full 5):
 PSYoungGen      total 326144K, used 326132K [0x00000000e0000000, 0x00000000fe700000, 0x0000000100000000)
  eden space 231424K, 100% used [0x00000000e0000000,0x00000000ee200000,0x00000000ee200000)
  from space 94720K, 99% used [0x00000000f5500000,0x00000000fb17d330,0x00000000fb180000)
  to   space 117760K, 0% used [0x00000000ee200000,0x00000000ee200000,0x00000000f5500000)
 ParOldGen       total 211456K, used 154948K [0x00000000a0000000, 0x00000000ace80000, 0x00000000e0000000)
  object space 211456K, 73% used [0x00000000a0000000,0x00000000a9751218,0x00000000ace80000)
 Metaspace       used 82584K, capacity 85880K, committed 86360K, reserved 1124352K
  class space    used 10492K, capacity 11231K, committed 11352K, reserved 1048576K
Event: 2673.760 GC heap after
Heap after GC invocations=32 (full 5):
 PSYoungGen      total 349184K, used 57354K [0x00000000e0000000, 0x00000000ffd00000, 0x0000000100000000)
  eden space 231424K, 0% used [0x00000000e0000000,0x00000000e0000000,0x00000000ee200000)
  from space 117760K, 48% used [0x00000000ee200000,0x00000000f1a02b30,0x00000000f5500000)
  to   space 115712K, 0% used [0x00000000f8c00000,0x00000000f8c00000,0x00000000ffd00000)
 ParOldGen       total 244736K, used 244488K [0x00000000a0000000, 0x00000000aef00000, 0x00000000e0000000)
  object space 244736K, 99% used [0x00000000a0000000,0x00000000aeec22a8,0x00000000aef00000)
 Metaspace       used 82584K, capacity 85880K, committed 86360K, reserved 1124352K
  class space    used 10492K, capacity 11231K, committed 11352K, reserved 1048576K
}
Event: 2673.774 GC heap before
{Heap before GC invocations=33 (full 6):
 PSYoungGen      total 349184K, used 57354K [0x00000000e0000000, 0x00000000ffd00000, 0x0000000100000000)
  eden space 231424K, 0% used [0x00000000e0000000,0x00000000e0000000,0x00000000ee200000)
  from space 117760K, 48% used [0x00000000ee200000,0x00000000f1a02b30,0x00000000f5500000)
  to   space 115712K, 0% used [0x00000000f8c00000,0x00000000f8c00000,0x00000000ffd00000)
 ParOldGen       total 244736K, used 244488K [0x00000000a0000000, 0x00000000aef00000, 0x00000000e0000000)
  object space 244736K, 99% used [0x00000000a0000000,0x00000000aeec22a8,0x00000000aef00000)
 Metaspace       used 82584K, capacity 85880K, committed 86360K, reserved 1124352K
  class space    used 10492K, capacity 11231K, committed 11352K, reserved 1048576K

